<?xml version="1.0" encoding="UTF-8"?>
<coverage generated="1651868247154" clover="3.2.0">
  <project timestamp="1651868247154" name="All files">
    <metrics statements="2" coveredstatements="2" conditionals="0" coveredconditionals="0" methods="1" coveredmethods="1" elements="3" coveredelements="3" complexity="0" loc="2" ncloc="2" packages="1" files="1" classes="1"/>
    <file name="index.jsx" path="/Users/macbookvilaapps08/Udemy/Curso React.Js e Next/02-React-Basico/03-mini-projeto/src/components/Button/index.jsx">
      <metrics statements="2" coveredstatements="2" conditionals="0" coveredconditionals="0" methods="1" coveredmethods="1"/>
      <line num="7" count="4" type="stmt"/>
      <line num="8" count="4" type="stmt"/>
    </file>
  </project>
</coverage>
