{"/Users/macbookvilaapps08/Udemy/Curso React.Js e Next/02-React-Basico/03-mini-projeto/src/components/Button/index.jsx": {"path":"/Users/macbookvilaapps08/Udemy/Curso React.Js e Next/02-React-Basico/03-mini-projeto/src/components/Button/index.jsx","statementMap":{"0":{"start":{"line":7,"column":42},"end":{"line":7,"column":52}},"1":{"start":{"line":8,"column":8},"end":{"line":12,"column":9}}},"fnMap":{"0":{"name":"(anonymous_0)","decl":{"start":{"line":6,"column":4},"end":{"line":6,"column":5}},"loc":{"start":{"line":6,"column":14},"end":{"line":13,"column":5}},"line":6}},"branchMap":{},"s":{"0":4,"1":4},"f":{"0":4},"b":{},"_coverageSchema":"1a1c01bbd47fc00a2c39e90264f33305004495a9","hash":"c418b1539eb45981d569269454ce8f8d85ce9bba"}
}
