{"/Users/macbookvilaapps08/Udemy/Curso React.Js e Next/02-React-Basico/03-mini-projeto/src/index.js": {"path":"/Users/macbookvilaapps08/Udemy/Curso React.Js e Next/02-React-Basico/03-mini-projeto/src/index.js","statementMap":{"0":{"start":{"line":6,"column":13},"end":{"line":6,"column":65}},"1":{"start":{"line":7,"column":0},"end":{"line":11,"column":2}}},"fnMap":{},"branchMap":{},"s":{"0":0,"1":0},"f":{},"b":{}}
,"/Users/macbookvilaapps08/Udemy/Curso React.Js e Next/02-React-Basico/03-mini-projeto/src/components/Button/index.jsx": {"path":"/Users/macbookvilaapps08/Udemy/Curso React.Js e Next/02-React-Basico/03-mini-projeto/src/components/Button/index.jsx","statementMap":{"0":{"start":{"line":7,"column":42},"end":{"line":7,"column":52}},"1":{"start":{"line":8,"column":8},"end":{"line":12,"column":9}}},"fnMap":{"0":{"name":"(anonymous_0)","decl":{"start":{"line":6,"column":4},"end":{"line":6,"column":5}},"loc":{"start":{"line":6,"column":14},"end":{"line":13,"column":5}},"line":6}},"branchMap":{},"s":{"0":5,"1":5},"f":{"0":5},"b":{},"_coverageSchema":"1a1c01bbd47fc00a2c39e90264f33305004495a9","hash":"c418b1539eb45981d569269454ce8f8d85ce9bba"}
,"/Users/macbookvilaapps08/Udemy/Curso React.Js e Next/02-React-Basico/03-mini-projeto/src/components/PostCard/index.jsx": {"path":"/Users/macbookvilaapps08/Udemy/Curso React.Js e Next/02-React-Basico/03-mini-projeto/src/components/PostCard/index.jsx","statementMap":{"0":{"start":{"line":15,"column":24},"end":{"line":23,"column":1}},"1":{"start":{"line":16,"column":4},"end":{"line":22,"column":10}}},"fnMap":{"0":{"name":"(anonymous_0)","decl":{"start":{"line":15,"column":24},"end":{"line":15,"column":25}},"loc":{"start":{"line":16,"column":4},"end":{"line":22,"column":10}},"line":16}},"branchMap":{},"s":{"0":2,"1":8},"f":{"0":8},"b":{},"_coverageSchema":"1a1c01bbd47fc00a2c39e90264f33305004495a9","hash":"91e2aaca1387741bba8120f5734ea918875cf15e"}
,"/Users/macbookvilaapps08/Udemy/Curso React.Js e Next/02-React-Basico/03-mini-projeto/src/components/PostCard/mock.js": {"path":"/Users/macbookvilaapps08/Udemy/Curso React.Js e Next/02-React-Basico/03-mini-projeto/src/components/PostCard/mock.js","statementMap":{"0":{"start":{"line":1,"column":33},"end":{"line":6,"column":1}}},"fnMap":{},"branchMap":{},"s":{"0":1},"f":{},"b":{},"_coverageSchema":"1a1c01bbd47fc00a2c39e90264f33305004495a9","hash":"81a6fdc1e218a066d7316a99c887f9da29abe895"}
,"/Users/macbookvilaapps08/Udemy/Curso React.Js e Next/02-React-Basico/03-mini-projeto/src/components/Posts/index.jsx": {"path":"/Users/macbookvilaapps08/Udemy/Curso React.Js e Next/02-React-Basico/03-mini-projeto/src/components/Posts/index.jsx","statementMap":{"0":{"start":{"line":5,"column":21},"end":{"line":18,"column":1}},"1":{"start":{"line":6,"column":4},"end":{"line":17,"column":10}},"2":{"start":{"line":8,"column":12},"end":{"line":15,"column":14}}},"fnMap":{"0":{"name":"(anonymous_0)","decl":{"start":{"line":5,"column":21},"end":{"line":5,"column":22}},"loc":{"start":{"line":6,"column":4},"end":{"line":17,"column":10}},"line":6},"1":{"name":"(anonymous_1)","decl":{"start":{"line":7,"column":28},"end":{"line":7,"column":29}},"loc":{"start":{"line":8,"column":12},"end":{"line":15,"column":14}},"line":8}},"branchMap":{"0":{"loc":{"start":{"line":5,"column":22},"end":{"line":5,"column":34}},"type":"default-arg","locations":[{"start":{"line":5,"column":32},"end":{"line":5,"column":34}}],"line":5},"1":{"loc":{"start":{"line":7,"column":9},"end":{"line":16,"column":10}},"type":"binary-expr","locations":[{"start":{"line":7,"column":9},"end":{"line":7,"column":14}},{"start":{"line":7,"column":18},"end":{"line":16,"column":10}}],"line":7}},"s":{"0":1,"1":3,"2":6},"f":{"0":3,"1":6},"b":{"0":[0],"1":[3,2]},"_coverageSchema":"1a1c01bbd47fc00a2c39e90264f33305004495a9","hash":"cc00eefcde866ced7f0c20f65781f588db022c81"}
,"/Users/macbookvilaapps08/Udemy/Curso React.Js e Next/02-React-Basico/03-mini-projeto/src/components/TextInput/index.jsx": {"path":"/Users/macbookvilaapps08/Udemy/Curso React.Js e Next/02-React-Basico/03-mini-projeto/src/components/TextInput/index.jsx","statementMap":{"0":{"start":{"line":3,"column":25},"end":{"line":13,"column":1}},"1":{"start":{"line":4,"column":4},"end":{"line":12,"column":6}}},"fnMap":{"0":{"name":"(anonymous_0)","decl":{"start":{"line":3,"column":25},"end":{"line":3,"column":26}},"loc":{"start":{"line":3,"column":58},"end":{"line":13,"column":1}},"line":3}},"branchMap":{},"s":{"0":1,"1":3},"f":{"0":3},"b":{},"_coverageSchema":"1a1c01bbd47fc00a2c39e90264f33305004495a9","hash":"28a165087d330f731c43a3c6a9c7fc8fd8dde0e3"}
,"/Users/macbookvilaapps08/Udemy/Curso React.Js e Next/02-React-Basico/03-mini-projeto/src/templates/home/index.jsx": {"path":"/Users/macbookvilaapps08/Udemy/Curso React.Js e Next/02-React-Basico/03-mini-projeto/src/templates/home/index.jsx","statementMap":{"0":{"start":{"line":10,"column":20},"end":{"line":80,"column":1}},"1":{"start":{"line":12,"column":30},"end":{"line":12,"column":42}},"2":{"start":{"line":13,"column":36},"end":{"line":13,"column":48}},"3":{"start":{"line":14,"column":29},"end":{"line":14,"column":40}},"4":{"start":{"line":15,"column":27},"end":{"line":15,"column":39}},"5":{"start":{"line":16,"column":42},"end":{"line":16,"column":54}},"6":{"start":{"line":18,"column":24},"end":{"line":18,"column":62}},"7":{"start":{"line":20,"column":26},"end":{"line":24,"column":11}},"8":{"start":{"line":22,"column":8},"end":{"line":22,"column":138}},"9":{"start":{"line":26,"column":28},"end":{"line":31,"column":10}},"10":{"start":{"line":27,"column":31},"end":{"line":27,"column":48}},"11":{"start":{"line":29,"column":8},"end":{"line":29,"column":59}},"12":{"start":{"line":30,"column":8},"end":{"line":30,"column":36}},"13":{"start":{"line":33,"column":4},"end":{"line":35,"column":40}},"14":{"start":{"line":34,"column":8},"end":{"line":34,"column":41}},"15":{"start":{"line":37,"column":26},"end":{"line":44,"column":5}},"16":{"start":{"line":38,"column":25},"end":{"line":38,"column":44}},"17":{"start":{"line":39,"column":26},"end":{"line":39,"column":75}},"18":{"start":{"line":40,"column":8},"end":{"line":40,"column":32}},"19":{"start":{"line":42,"column":8},"end":{"line":42,"column":24}},"20":{"start":{"line":43,"column":8},"end":{"line":43,"column":27}},"21":{"start":{"line":46,"column":25},"end":{"line":50,"column":5}},"22":{"start":{"line":47,"column":24},"end":{"line":47,"column":32}},"23":{"start":{"line":49,"column":8},"end":{"line":49,"column":30}},"24":{"start":{"line":52,"column":4},"end":{"line":79,"column":6}}},"fnMap":{"0":{"name":"(anonymous_0)","decl":{"start":{"line":10,"column":20},"end":{"line":10,"column":21}},"loc":{"start":{"line":10,"column":26},"end":{"line":80,"column":1}},"line":10},"1":{"name":"(anonymous_1)","decl":{"start":{"line":21,"column":20},"end":{"line":21,"column":21}},"loc":{"start":{"line":21,"column":28},"end":{"line":23,"column":5}},"line":21},"2":{"name":"(anonymous_2)","decl":{"start":{"line":26,"column":40},"end":{"line":26,"column":41}},"loc":{"start":{"line":26,"column":70},"end":{"line":31,"column":5}},"line":26},"3":{"name":"(anonymous_3)","decl":{"start":{"line":33,"column":14},"end":{"line":33,"column":15}},"loc":{"start":{"line":33,"column":19},"end":{"line":35,"column":5}},"line":33},"4":{"name":"(anonymous_4)","decl":{"start":{"line":37,"column":26},"end":{"line":37,"column":27}},"loc":{"start":{"line":37,"column":32},"end":{"line":44,"column":5}},"line":37},"5":{"name":"(anonymous_5)","decl":{"start":{"line":46,"column":25},"end":{"line":46,"column":26}},"loc":{"start":{"line":46,"column":32},"end":{"line":50,"column":5}},"line":46}},"branchMap":{"0":{"loc":{"start":{"line":20,"column":26},"end":{"line":24,"column":11}},"type":"cond-expr","locations":[{"start":{"line":21,"column":4},"end":{"line":23,"column":6}},{"start":{"line":24,"column":6},"end":{"line":24,"column":11}}],"line":20},"1":{"loc":{"start":{"line":56,"column":17},"end":{"line":58,"column":17}},"type":"binary-expr","locations":[{"start":{"line":56,"column":17},"end":{"line":56,"column":30}},{"start":{"line":57,"column":20},"end":{"line":57,"column":49}}],"line":56},"2":{"loc":{"start":{"line":66,"column":13},"end":{"line":68,"column":50}},"type":"cond-expr","locations":[{"start":{"line":67,"column":12},"end":{"line":67,"column":42}},{"start":{"line":68,"column":14},"end":{"line":68,"column":50}}],"line":66},"3":{"loc":{"start":{"line":70,"column":13},"end":{"line":76,"column":13}},"type":"binary-expr","locations":[{"start":{"line":70,"column":13},"end":{"line":70,"column":25}},{"start":{"line":71,"column":16},"end":{"line":75,"column":18}}],"line":70}},"s":{"0":0,"1":0,"2":0,"3":0,"4":0,"5":0,"6":0,"7":0,"8":0,"9":0,"10":0,"11":0,"12":0,"13":0,"14":0,"15":0,"16":0,"17":0,"18":0,"19":0,"20":0,"21":0,"22":0,"23":0,"24":0},"f":{"0":0,"1":0,"2":0,"3":0,"4":0,"5":0},"b":{"0":[0,0],"1":[0,0],"2":[0,0],"3":[0,0]}}
,"/Users/macbookvilaapps08/Udemy/Curso React.Js e Next/02-React-Basico/03-mini-projeto/src/utils/load-posts.js": {"path":"/Users/macbookvilaapps08/Udemy/Curso React.Js e Next/02-React-Basico/03-mini-projeto/src/utils/load-posts.js","statementMap":{"0":{"start":{"line":1,"column":25},"end":{"line":17,"column":1}},"1":{"start":{"line":2,"column":26},"end":{"line":2,"column":77}},"2":{"start":{"line":3,"column":27},"end":{"line":3,"column":79}},"3":{"start":{"line":5,"column":28},"end":{"line":5,"column":78}},"4":{"start":{"line":7,"column":22},"end":{"line":7,"column":40}},"5":{"start":{"line":8,"column":23},"end":{"line":8,"column":42}},"6":{"start":{"line":12,"column":27},"end":{"line":14,"column":6}},"7":{"start":{"line":13,"column":8},"end":{"line":13,"column":55}},"8":{"start":{"line":16,"column":4},"end":{"line":16,"column":26}}},"fnMap":{"0":{"name":"(anonymous_0)","decl":{"start":{"line":1,"column":25},"end":{"line":1,"column":26}},"loc":{"start":{"line":1,"column":37},"end":{"line":17,"column":1}},"line":1},"1":{"name":"(anonymous_1)","decl":{"start":{"line":12,"column":41},"end":{"line":12,"column":42}},"loc":{"start":{"line":12,"column":58},"end":{"line":14,"column":5}},"line":12}},"branchMap":{},"s":{"0":0,"1":0,"2":0,"3":0,"4":0,"5":0,"6":0,"7":0,"8":0},"f":{"0":0,"1":0},"b":{}}
}
