TN:
SF:src/index.js
FNF:0
FNH:0
DA:6,0
DA:7,0
LF:2
LH:0
BRF:0
BRH:0
end_of_record
TN:
SF:src/components/Button/index.jsx
FN:6,(anonymous_0)
FNF:1
FNH:1
FNDA:5,(anonymous_0)
DA:7,5
DA:8,5
LF:2
LH:2
BRF:0
BRH:0
end_of_record
TN:
SF:src/components/PostCard/index.jsx
FN:15,(anonymous_0)
FNF:1
FNH:1
FNDA:8,(anonymous_0)
DA:15,2
DA:16,8
LF:2
LH:2
BRF:0
BRH:0
end_of_record
TN:
SF:src/components/PostCard/mock.js
FNF:0
FNH:0
DA:1,1
LF:1
LH:1
BRF:0
BRH:0
end_of_record
TN:
SF:src/components/Posts/index.jsx
FN:5,(anonymous_0)
FN:7,(anonymous_1)
FNF:2
FNH:2
FNDA:3,(anonymous_0)
FNDA:6,(anonymous_1)
DA:5,1
DA:6,3
DA:8,6
LF:3
LH:3
BRDA:5,0,0,0
BRDA:7,1,0,3
BRDA:7,1,1,2
BRF:3
BRH:2
end_of_record
TN:
SF:src/components/TextInput/index.jsx
FN:3,(anonymous_0)
FNF:1
FNH:1
FNDA:3,(anonymous_0)
DA:3,1
DA:4,3
LF:2
LH:2
BRF:0
BRH:0
end_of_record
TN:
SF:src/templates/home/index.jsx
FN:10,(anonymous_0)
FN:21,(anonymous_1)
FN:26,(anonymous_2)
FN:33,(anonymous_3)
FN:37,(anonymous_4)
FN:46,(anonymous_5)
FNF:6
FNH:0
FNDA:0,(anonymous_0)
FNDA:0,(anonymous_1)
FNDA:0,(anonymous_2)
FNDA:0,(anonymous_3)
FNDA:0,(anonymous_4)
FNDA:0,(anonymous_5)
DA:10,0
DA:12,0
DA:13,0
DA:14,0
DA:15,0
DA:16,0
DA:18,0
DA:20,0
DA:22,0
DA:26,0
DA:27,0
DA:29,0
DA:30,0
DA:33,0
DA:34,0
DA:37,0
DA:38,0
DA:39,0
DA:40,0
DA:42,0
DA:43,0
DA:46,0
DA:47,0
DA:49,0
DA:52,0
LF:25
LH:0
BRDA:20,0,0,0
BRDA:20,0,1,0
BRDA:56,1,0,0
BRDA:56,1,1,0
BRDA:66,2,0,0
BRDA:66,2,1,0
BRDA:70,3,0,0
BRDA:70,3,1,0
BRF:8
BRH:0
end_of_record
TN:
SF:src/utils/load-posts.js
FN:1,(anonymous_0)
FN:12,(anonymous_1)
FNF:2
FNH:0
FNDA:0,(anonymous_0)
FNDA:0,(anonymous_1)
DA:1,0
DA:2,0
DA:3,0
DA:5,0
DA:7,0
DA:8,0
DA:12,0
DA:13,0
DA:16,0
LF:9
LH:0
BRF:0
BRH:0
end_of_record
