TN:
SF:src/index.js
FNF:0
FNH:0
DA:6,0
DA:7,0
LF:2
LH:0
BRF:0
BRH:0
end_of_record
TN:
SF:src/components/Button/index.jsx
FN:7,(anonymous_0)
FNF:1
FNH:1
FNDA:13,(anonymous_0)
DA:8,13
DA:9,13
DA:28,2
DA:34,2
LF:4
LH:4
BRF:0
BRH:0
end_of_record
TN:
SF:src/components/PostCard/index.jsx
FN:18,(anonymous_0)
FNF:1
FNH:1
FNDA:148,(anonymous_0)
DA:18,3
DA:19,148
DA:28,3
LF:3
LH:3
BRF:0
BRH:0
end_of_record
TN:
SF:src/components/PostCard/mock.js
FNF:0
FNH:0
DA:1,1
LF:1
LH:1
BRF:0
BRH:0
end_of_record
TN:
SF:src/components/Posts/index.jsx
FN:8,(anonymous_0)
FN:10,(anonymous_1)
FNF:2
FNH:2
FNDA:15,(anonymous_0)
FNDA:146,(anonymous_1)
DA:8,2
DA:9,15
DA:11,146
DA:23,2
DA:27,2
LF:5
LH:5
BRDA:8,0,0,0
BRDA:10,1,0,15
BRDA:10,1,1,15
BRF:3
BRH:2
end_of_record
TN:
SF:src/components/TextInput/index.jsx
FN:6,(anonymous_0)
FNF:1
FNH:1
FNDA:23,(anonymous_0)
DA:6,2
DA:7,23
DA:18,2
LF:3
LH:3
BRF:0
BRH:0
end_of_record
TN:
SF:src/templates/home/index.jsx
FN:11,(anonymous_0)
FN:22,(anonymous_1)
FN:27,(anonymous_2)
FN:34,(anonymous_3)
FN:38,(anonymous_4)
FN:47,(anonymous_5)
FNF:6
FNH:6
FNDA:20,(anonymous_0)
FNDA:156,(anonymous_1)
FNDA:3,(anonymous_2)
FNDA:3,(anonymous_3)
FNDA:1,(anonymous_4)
FNDA:13,(anonymous_5)
DA:11,1
DA:13,20
DA:14,20
DA:15,20
DA:16,20
DA:17,20
DA:19,20
DA:21,20
DA:23,156
DA:27,20
DA:28,3
DA:30,3
DA:31,3
DA:34,20
DA:35,3
DA:38,20
DA:39,1
DA:40,1
DA:41,1
DA:43,1
DA:44,1
DA:47,20
DA:48,13
DA:50,13
DA:53,20
LF:25
LH:25
BRDA:21,0,0,12
BRDA:21,0,1,8
BRDA:57,1,0,20
BRDA:57,1,1,12
BRDA:67,2,0,12
BRDA:67,2,1,8
BRDA:71,3,0,20
BRDA:71,3,1,8
BRF:8
BRH:8
end_of_record
TN:
SF:src/utils/load-posts.js
FN:1,(anonymous_0)
FN:12,(anonymous_1)
FNF:2
FNH:2
FNDA:3,(anonymous_0)
FNDA:39,(anonymous_1)
DA:1,1
DA:2,3
DA:3,3
DA:5,3
DA:7,3
DA:8,3
DA:12,3
DA:13,39
DA:16,3
LF:9
LH:9
BRF:0
BRH:0
end_of_record
